{"F:\\microverse_projects\\js-time\\Javascript-Capstone\\src\\modules\\movieCount.js": {"path":"F:\\microverse_projects\\js-time\\Javascript-Capstone\\src\\modules\\movieCount.js","statementMap":{"0":{"start":{"line":1,"column":29},"end":{"line":4,"column":1}},"1":{"start":{"line":2,"column":25},"end":{"line":2,"column":56}},"2":{"start":{"line":3,"column":2},"end":{"line":3,"column":37}}},"fnMap":{"0":{"name":"(anonymous_0)","decl":{"start":{"line":1,"column":29},"end":{"line":1,"column":30}},"loc":{"start":{"line":1,"column":40},"end":{"line":4,"column":1}},"line":1}},"branchMap":{},"s":{"0":1,"1":1,"2":1},"f":{"0":1},"b":{},"_coverageSchema":"1a1c01bbd47fc00a2c39e90264f33305004495a9","hash":"4014433876612cf4ead7f2e99ab4678ff451be7a"}
}
